<?xml version="1.0" encoding="UTF-8"?>
<!-- Generated by org.testng.reporters.JUnitReportReporter -->
<testsuite skipped="0" hostname="Ahmets-MBP.home" name="com.syntax.practice.ExcelDemo" tests="1" failures="0" timestamp="16 Jun 2019 02:54:34 GMT" time="0.550" errors="0">
  <testcase name="readExcel" time="0.550" classname="com.syntax.practice.ExcelDemo"/>
</testsuite> <!-- com.syntax.practice.ExcelDemo -->
