<?xml version="1.0" encoding="UTF-8"?>
<!-- Generated by org.testng.reporters.JUnitReportReporter -->
<testsuite skipped="0" hostname="Ahmets-MacBook-Pro.local" name="com.syntax.testcases.AddEmployeePageTest" tests="1" failures="0" timestamp="22 Jun 2019 14:44:33 GMT" time="17.938" errors="0">
  <testcase name="addEmployee" time="17.938" classname="com.syntax.testcases.AddEmployeePageTest"/>
</testsuite> <!-- com.syntax.testcases.AddEmployeePageTest -->
