<?xml version="1.0" encoding="UTF-8"?>
<!-- Generated by org.testng.reporters.JUnitReportReporter -->
<testsuite skipped="0" hostname="Ahmets-MBP.home" name="com.syntax.testcases.LoginPageTest_oldOne" tests="1" failures="0" timestamp="20 Jun 2019 12:20:56 GMT" time="5.066" errors="0">
  <testcase name="negativeLogin" time="5.066" classname="com.syntax.testcases.LoginPageTest_oldOne"/>
</testsuite> <!-- com.syntax.testcases.LoginPageTest_oldOne -->
