<?xml version="1.0" encoding="UTF-8"?>
<!-- Generated by org.testng.reporters.JUnitReportReporter -->
<testsuite skipped="0" hostname="Ahmets-MacBook-Pro.local" name="com.syntax.utils.ExcelFunctionsTest" tests="1" failures="0" timestamp="15 Jun 2019 17:22:53 GMT" time="0.720" errors="0">
  <testcase name="excelTest" time="0.720" classname="com.syntax.utils.ExcelFunctionsTest"/>
</testsuite> <!-- com.syntax.utils.ExcelFunctionsTest -->
