<?xml version="1.0" encoding="UTF-8"?>
<!-- Generated by org.testng.reporters.JUnitReportReporter -->
<testsuite skipped="0" hostname="Ahmets-MacBook-Pro.local" name="com.syntax.practice.ExcelWriteDemo" tests="1" failures="0" timestamp="16 Jun 2019 14:45:08 GMT" time="1.544" errors="0">
  <testcase name="writeExcel" time="1.544" classname="com.syntax.practice.ExcelWriteDemo"/>
</testsuite> <!-- com.syntax.practice.ExcelWriteDemo -->
