<?xml version="1.0" encoding="UTF-8"?>
<!-- Generated by org.testng.reporters.JUnitReportReporter -->
<testsuite skipped="0" hostname="Ahmets-MacBook-Pro.local" name="com.syntax.testcases.AddEmployeePageTest_Asel" tests="10" failures="0" timestamp="16 Jun 2019 14:50:31 GMT" time="100.859" errors="0">
  <testcase name="addEmployee" time="9.685" classname="com.syntax.testcases.AddEmployeePageTest_Asel"/>
  <testcase name="addEmployee" time="9.880" classname="com.syntax.testcases.AddEmployeePageTest_Asel"/>
  <testcase name="addEmployee" time="10.573" classname="com.syntax.testcases.AddEmployeePageTest_Asel"/>
  <testcase name="addEmployee" time="9.917" classname="com.syntax.testcases.AddEmployeePageTest_Asel"/>
  <testcase name="addEmployee" time="11.779" classname="com.syntax.testcases.AddEmployeePageTest_Asel"/>
  <testcase name="addEmployee" time="9.899" classname="com.syntax.testcases.AddEmployeePageTest_Asel"/>
  <testcase name="addEmployee" time="9.612" classname="com.syntax.testcases.AddEmployeePageTest_Asel"/>
  <testcase name="addEmployee" time="9.836" classname="com.syntax.testcases.AddEmployeePageTest_Asel"/>
  <testcase name="addEmployee" time="9.735" classname="com.syntax.testcases.AddEmployeePageTest_Asel"/>
  <testcase name="addEmployee" time="9.943" classname="com.syntax.testcases.AddEmployeePageTest_Asel"/>
</testsuite> <!-- com.syntax.testcases.AddEmployeePageTest_Asel -->
