<?xml version="1.0" encoding="UTF-8"?>
<!-- Generated by org.testng.reporters.JUnitReportReporter -->
<testsuite skipped="0" hostname="Ahmets-MBP.home" name="com.syntax.practice.ExcelReview" tests="1" failures="0" timestamp="16 Jun 2019 03:03:02 GMT" time="0.488" errors="0">
  <testcase name="readExcel" time="0.488" classname="com.syntax.practice.ExcelReview"/>
</testsuite> <!-- com.syntax.practice.ExcelReview -->
