<?xml version="1.0" encoding="UTF-8"?>
<!-- Generated by org.testng.reporters.JUnitReportReporter -->
<testsuite skipped="0" hostname="Ahmets-MacBook-Pro.local" name="com.class12.BrokenLinksDemo" tests="1" failures="0" timestamp="02 Jun 2019 19:53:46 GMT" time="6.851" errors="0">
  <testcase name="brokenLinksVerification" time="6.851" classname="com.class12.BrokenLinksDemo"/>
</testsuite> <!-- com.class12.BrokenLinksDemo -->
