<?xml version="1.0" encoding="UTF-8"?>
<!-- Generated by org.testng.reporters.JUnitReportReporter -->
<testsuite skipped="0" hostname="Ahmets-MacBook-Pro.local" name="com.class12.FlightSearch" tests="1" failures="0" timestamp="02 Jun 2019 16:23:27 GMT" time="12.621" errors="0">
  <testcase name="searchFlight" time="12.621" classname="com.class12.FlightSearch"/>
</testsuite> <!-- com.class12.FlightSearch -->
