<?xml version="1.0" encoding="UTF-8"?>
<!-- Generated by org.testng.reporters.JUnitReportReporter -->
<testsuite skipped="0" hostname="Ahmets-MBP.home" name="com.class01.orangehrmExample" tests="1" failures="0" timestamp="30 May 2019 17:27:12 GMT" time="7.776" errors="0">
  <testcase name="login" time="7.776" classname="com.class01.orangehrmExample"/>
</testsuite> <!-- com.class01.orangehrmExample -->
