<?xml version="1.0" encoding="UTF-8"?>
<!-- Generated by org.testng.reporters.JUnitReportReporter -->
<testsuite skipped="0" hostname="Ahmets-MBP.home" name="com.class02.Priorty" tests="4" failures="0" timestamp="31 May 2019 06:20:12 GMT" time="0.015" errors="0">
  <testcase name="first" time="0.008" classname="com.class02.Priorty"/>
  <testcase name="second" time="0.001" classname="com.class02.Priorty"/>
  <testcase name="third" time="0.001" classname="com.class02.Priorty"/>
  <testcase name="forth" time="0.005" classname="com.class02.Priorty"/>
</testsuite> <!-- com.class02.Priorty -->
