<?xml version="1.0" encoding="UTF-8"?>
<!-- Generated by org.testng.reporters.JUnitReportReporter -->
<testsuite skipped="0" hostname="Ahmets-MBP.home" name="com.class01.test" tests="1" failures="0" timestamp="30 May 2019 17:16:59 GMT" time="0.007" errors="0">
  <testcase name="test" time="0.007" classname="com.class01.test"/>
</testsuite> <!-- com.class01.test -->
