<?xml version="1.0" encoding="UTF-8"?>
<!-- Generated by org.testng.reporters.JUnitReportReporter -->
<testsuite skipped="0" hostname="Ahmets-MBP.home" name="tasks.Task1" tests="1" failures="0" timestamp="08 Jun 2019 05:37:56 GMT" time="0.392" errors="0">
  <testcase name="Login" time="0.392" classname="tasks.Task1"/>
</testsuite> <!-- tasks.Task1 -->
