<?xml version="1.0" encoding="UTF-8"?>
<!-- Generated by org.testng.reporters.JUnitReportReporter -->
<testsuite skipped="0" hostname="Ahmets-MacBook-Pro.local" name="toPractice.NewToursPractice" tests="2" failures="0" timestamp="15 Jun 2019 17:32:43 GMT" time="27.976" errors="0">
  <testcase name="fillInRegister" time="14.332" classname="toPractice.NewToursPractice"/>
  <testcase name="fillInRegister" time="13.644" classname="toPractice.NewToursPractice"/>
</testsuite> <!-- toPractice.NewToursPractice -->
