<?xml version="1.0" encoding="UTF-8"?>
<!-- Generated by org.testng.reporters.JUnitReportReporter -->
<testsuite skipped="0" hostname="Ahmets-MacBook-Pro.local" name="asdaa" tests="1" failures="0" timestamp="30 May 2019 02:39:04 GMT" time="0.010" errors="0">
  <testcase name="mel" time="0.010" classname="asdaa"/>
</testsuite> <!-- asdaa -->
