<?xml version="1.0" encoding="UTF-8"?>
<!-- Generated by org.testng.reporters.JUnitReportReporter -->
<testsuite skipped="0" hostname="Ahmets-MacBook-Pro.local" name="com.class5.demoTest" tests="2" failures="0" timestamp="13 Jun 2019 01:45:41 GMT" time="10.631" errors="0">
  <testcase name="testCrossBrowser" time="3.754" classname="com.class5.demoTest"/>
  <testcase name="testCrossBrowser" time="6.877" classname="com.class5.demoTest"/>
</testsuite> <!-- com.class5.demoTest -->
