<?xml version="1.0" encoding="UTF-8"?>
<!-- Generated by org.testng.reporters.JUnitReportReporter -->
<testsuite skipped="0" hostname="Ahmets-MacBook-Pro.local" name="com.class02.PriortyExampleTwo" tests="2" failures="0" timestamp="13 Jun 2019 00:00:00 GMT" time="3.577" errors="0">
  <testcase name="login" time="1.544" classname="com.class02.PriortyExampleTwo"/>
  <testcase name="mainPage" time="2.033" classname="com.class02.PriortyExampleTwo"/>
</testsuite> <!-- com.class02.PriortyExampleTwo -->
