<?xml version="1.0" encoding="UTF-8"?>
<!-- Generated by org.testng.reporters.JUnitReportReporter -->
<testsuite skipped="0" hostname="Ahmets-MBP.home" name="com.class02.SoftAndHardAssertExample" tests="2" failures="0" timestamp="05 Jun 2019 19:25:15 GMT" time="5.087" errors="0">
  <testcase name="orangehrmLoginScreen" time="0.012" classname="com.class02.SoftAndHardAssertExample"/>
  <testcase name="logo" time="5.075" classname="com.class02.SoftAndHardAssertExample"/>
</testsuite> <!-- com.class02.SoftAndHardAssertExample -->
