<?xml version="1.0" encoding="UTF-8"?>
<!-- Generated by org.testng.reporters.JUnitReportReporter -->
<testsuite skipped="0" hostname="Ahmets-MBP.home" name="com.class04.Task2" tests="2" failures="0" timestamp="07 Jun 2019 00:17:08 GMT" time="10.878" errors="0">
  <testcase name="Login" time="3.135" classname="com.class04.Task2"/>
  <testcase name="Login2" time="7.743" classname="com.class04.Task2"/>
</testsuite> <!-- com.class04.Task2 -->
