<?xml version="1.0" encoding="UTF-8"?>
<!-- Generated by org.testng.reporters.JUnitReportReporter -->
<testsuite skipped="0" hostname="Ahmets-MacBook-Pro.local" name="com.class03.DependsOnGroups" tests="3" failures="0" timestamp="13 Jun 2019 01:03:37 GMT" time="0.022" errors="0">
  <testcase name="one" time="0.008" classname="com.class03.DependsOnGroups"/>
  <testcase name="two" time="0.008" classname="com.class03.DependsOnGroups"/>
  <testcase name="three" time="0.006" classname="com.class03.DependsOnGroups"/>
</testsuite> <!-- com.class03.DependsOnGroups -->
