<?xml version="1.0" encoding="UTF-8"?>
<!-- Generated by org.testng.reporters.JUnitReportReporter -->
<testsuite skipped="0" hostname="Ahmets-MBP.home" name="com.class02.Task1_fromStudent" tests="2" failures="0" timestamp="05 Jun 2019 17:12:57 GMT" time="6.441" errors="0">
  <testcase name="valid" time="2.723" classname="com.class02.Task1_fromStudent"/>
  <testcase name="loginWeb" time="3.718" classname="com.class02.Task1_fromStudent"/>
</testsuite> <!-- com.class02.Task1_fromStudent -->
